<?xml version="1.0" encoding="UTF-8"?>
<testsuite name="AnimalTest" tests="5" skipped="0" failures="0" errors="0" timestamp="2020-02-11T10:12:50" hostname="admin1-ThinkCentre-M72e" time="0.003">
  <properties/>
  <testcase name="TestCatEat" classname="AnimalTest" time="0.001"/>
  <testcase name="TestDogEat" classname="AnimalTest" time="0.001"/>
  <testcase name="TestgetName" classname="AnimalTest" time="0.0"/>
  <testcase name="TestCatSound" classname="AnimalTest" time="0.0"/>
  <testcase name="TestDogSound" classname="AnimalTest" time="0.0"/>
  <system-out><![CDATA[]]></system-out>
  <system-err><![CDATA[]]></system-err>
</testsuite>
